\BOOKMARK [0][-]{chapter.1}{\376\377\000N\000a\000m\000e\000s\000p\000a\000c\000e\000\040\000I\000n\000d\000e\000x}{}
\BOOKMARK [1][-]{section.1.1}{\376\377\000P\000a\000c\000k\000a\000g\000e\000s}{chapter.1}
\BOOKMARK [0][-]{chapter.2}{\376\377\000C\000l\000a\000s\000s\000\040\000I\000n\000d\000e\000x}{}
\BOOKMARK [1][-]{section.2.1}{\376\377\000C\000l\000a\000s\000s\000\040\000L\000i\000s\000t}{chapter.2}
\BOOKMARK [0][-]{chapter.3}{\376\377\000F\000i\000l\000e\000\040\000I\000n\000d\000e\000x}{}
\BOOKMARK [1][-]{section.3.1}{\376\377\000F\000i\000l\000e\000\040\000L\000i\000s\000t}{chapter.3}
\BOOKMARK [0][-]{chapter.4}{\376\377\000N\000a\000m\000e\000s\000p\000a\000c\000e\000\040\000D\000o\000c\000u\000m\000e\000n\000t\000a\000t\000i\000o\000n}{}
\BOOKMARK [1][-]{section.4.1}{\376\377\000P\000a\000c\000k\000a\000g\000e\000\040\000S\000r\000P\000\137\000C\000l\000a\000s\000s\000r\000o\000o\000m\000I\000n\000q}{chapter.4}
\BOOKMARK [1][-]{section.4.2}{\376\377\000P\000a\000c\000k\000a\000g\000e\000\040\000S\000r\000P\000\137\000C\000l\000a\000s\000s\000r\000o\000o\000m\000I\000n\000q\000.\000P\000r\000o\000p\000e\000r\000t\000i\000e\000s}{chapter.4}
\BOOKMARK [0][-]{chapter.5}{\376\377\000C\000l\000a\000s\000s\000\040\000D\000o\000c\000u\000m\000e\000n\000t\000a\000t\000i\000o\000n}{}
\BOOKMARK [1][-]{section.5.1}{\376\377\000S\000r\000P\000\137\000C\000l\000a\000s\000s\000r\000o\000o\000m\000I\000n\000q\000:\000:\000A\000b\000o\000u\000t\000B\000o\000x\000\137\000C\000I\000\040\000C\000l\000a\000s\000s\000\040\000R\000e\000f\000e\000r\000e\000n\000c\000e}{chapter.5}
\BOOKMARK [2][-]{subsection.5.1.1}{\376\377\000D\000e\000t\000a\000i\000l\000e\000d\000\040\000D\000e\000s\000c\000r\000i\000p\000t\000i\000o\000n}{section.5.1}
\BOOKMARK [2][-]{subsection.5.1.2}{\376\377\000C\000o\000n\000s\000t\000r\000u\000c\000t\000o\000r\000\040\000\046\000\040\000D\000e\000s\000t\000r\000u\000c\000t\000o\000r\000\040\000D\000o\000c\000u\000m\000e\000n\000t\000a\000t\000i\000o\000n}{section.5.1}
\BOOKMARK [3][-]{subsubsection.5.1.2.1}{\376\377\000A\000b\000o\000u\000t\000B\000o\000x\000\137\000C\000I}{subsection.5.1.2}
\BOOKMARK [2][-]{subsection.5.1.3}{\376\377\000M\000e\000m\000b\000e\000r\000\040\000F\000u\000n\000c\000t\000i\000o\000n\000\040\000D\000o\000c\000u\000m\000e\000n\000t\000a\000t\000i\000o\000n}{section.5.1}
\BOOKMARK [3][-]{subsubsection.5.1.3.1}{\376\377\000D\000i\000s\000p\000o\000s\000e}{subsection.5.1.3}
\BOOKMARK [1][-]{section.5.2}{\376\377\000S\000r\000P\000\137\000C\000l\000a\000s\000s\000r\000o\000o\000m\000I\000n\000q\000:\000:\000F\000o\000r\000m\0001\000\040\000C\000l\000a\000s\000s\000\040\000R\000e\000f\000e\000r\000e\000n\000c\000e}{chapter.5}
\BOOKMARK [2][-]{subsection.5.2.1}{\376\377\000D\000e\000t\000a\000i\000l\000e\000d\000\040\000D\000e\000s\000c\000r\000i\000p\000t\000i\000o\000n}{section.5.2}
\BOOKMARK [2][-]{subsection.5.2.2}{\376\377\000C\000o\000n\000s\000t\000r\000u\000c\000t\000o\000r\000\040\000\046\000\040\000D\000e\000s\000t\000r\000u\000c\000t\000o\000r\000\040\000D\000o\000c\000u\000m\000e\000n\000t\000a\000t\000i\000o\000n}{section.5.2}
\BOOKMARK [3][-]{subsubsection.5.2.2.1}{\376\377\000F\000o\000r\000m\0001}{subsection.5.2.2}
\BOOKMARK [3][-]{subsubsection.5.2.2.2}{\376\377\000F\000o\000r\000m\0001}{subsection.5.2.2}
\BOOKMARK [2][-]{subsection.5.2.3}{\376\377\000M\000e\000m\000b\000e\000r\000\040\000F\000u\000n\000c\000t\000i\000o\000n\000\040\000D\000o\000c\000u\000m\000e\000n\000t\000a\000t\000i\000o\000n}{section.5.2}
\BOOKMARK [3][-]{subsubsection.5.2.3.1}{\376\377\000D\000i\000s\000p\000o\000s\000e}{subsection.5.2.3}
\BOOKMARK [3][-]{subsubsection.5.2.3.2}{\376\377\000D\000i\000s\000p\000o\000s\000e}{subsection.5.2.3}
\BOOKMARK [3][-]{subsubsection.5.2.3.3}{\376\377\000H\000a\000n\000d\000l\000e\000B\000C\000K\000S\000P\000C}{subsection.5.2.3}
\BOOKMARK [3][-]{subsubsection.5.2.3.4}{\376\377\000M\000a\000k\000e\000C\000t\000r\000l\000s}{subsection.5.2.3}
\BOOKMARK [3][-]{subsubsection.5.2.3.5}{\376\377\000M\000o\000v\000e\000C\000t\000r\000l\000s\000D\000o\000w\000n}{subsection.5.2.3}
\BOOKMARK [3][-]{subsubsection.5.2.3.6}{\376\377\000Z\000e\000r\000o\000M\000e\000m\000o\000r\000y}{subsection.5.2.3}
\BOOKMARK [2][-]{subsection.5.2.4}{\376\377\000M\000e\000m\000b\000e\000r\000\040\000D\000a\000t\000a\000\040\000D\000o\000c\000u\000m\000e\000n\000t\000a\000t\000i\000o\000n}{section.5.2}
\BOOKMARK [3][-]{subsubsection.5.2.4.1}{\376\377\000c\000l\000a\000s\000s\000S\000i\000z\000e}{subsection.5.2.4}
\BOOKMARK [1][-]{section.5.3}{\376\377\000S\000r\000P\000\137\000C\000l\000a\000s\000s\000r\000o\000o\000m\000I\000n\000q\000:\000:\000P\000r\000o\000g\000r\000a\000m\000\040\000C\000l\000a\000s\000s\000\040\000R\000e\000f\000e\000r\000e\000n\000c\000e}{chapter.5}
\BOOKMARK [1][-]{section.5.4}{\376\377\000S\000r\000P\000\137\000C\000l\000a\000s\000s\000r\000o\000o\000m\000I\000n\000q\000:\000:\000P\000r\000o\000p\000e\000r\000t\000i\000e\000s\000:\000:\000R\000e\000s\000o\000u\000r\000c\000e\000s\000\040\000C\000l\000a\000s\000s\000\040\000R\000e\000f\000e\000r\000e\000n\000c\000e}{chapter.5}
\BOOKMARK [2][-]{subsection.5.4.1}{\376\377\000D\000e\000t\000a\000i\000l\000e\000d\000\040\000D\000e\000s\000c\000r\000i\000p\000t\000i\000o\000n}{section.5.4}
\BOOKMARK [1][-]{section.5.5}{\376\377\000S\000r\000P\000\137\000C\000l\000a\000s\000s\000r\000o\000o\000m\000I\000n\000q\000:\000:\000P\000r\000o\000p\000e\000r\000t\000i\000e\000s\000:\000:\000S\000e\000t\000t\000i\000n\000g\000s\000\040\000C\000l\000a\000s\000s\000\040\000R\000e\000f\000e\000r\000e\000n\000c\000e}{chapter.5}
\BOOKMARK [2][-]{subsection.5.5.1}{\376\377\000P\000r\000o\000p\000e\000r\000t\000y\000\040\000D\000o\000c\000u\000m\000e\000n\000t\000a\000t\000i\000o\000n}{section.5.5}
\BOOKMARK [3][-]{subsubsection.5.5.1.1}{\376\377\000A\000n\000i\000m\000a\000t\000i\000o\000n\000s}{subsection.5.5.1}
\BOOKMARK [3][-]{subsubsection.5.5.1.2}{\376\377\000C\000l\000i\000c\000k\000R\000e\000a\000d}{subsection.5.5.1}
\BOOKMARK [3][-]{subsubsection.5.5.1.3}{\376\377\000D\000e\000f\000a\000u\000l\000t}{subsection.5.5.1}
\BOOKMARK [3][-]{subsubsection.5.5.1.4}{\376\377\000H\000o\000v\000e\000r\000R\000e\000a\000d}{subsection.5.5.1}
\BOOKMARK [3][-]{subsubsection.5.5.1.5}{\376\377\000k\000e\000y}{subsection.5.5.1}
\BOOKMARK [3][-]{subsubsection.5.5.1.6}{\376\377\000S\000o\000u\000n\000d\000R\000X}{subsection.5.5.1}
\BOOKMARK [3][-]{subsubsection.5.5.1.7}{\376\377\000S\000o\000u\000n\000d\000T\000X}{subsection.5.5.1}
\BOOKMARK [0][-]{chapter.6}{\376\377\000F\000i\000l\000e\000\040\000D\000o\000c\000u\000m\000e\000n\000t\000a\000t\000i\000o\000n}{}
\BOOKMARK [1][-]{section.6.1}{\376\377\000/\000h\000o\000m\000e\000/\000b\000o\000n\000d\000s\000l\000a\000v\000e\000o\000f\000J\000e\000s\000u\000s\000/\000D\000o\000c\000u\000m\000e\000n\000t\000s\000/\000S\000o\000u\000r\000c\000e\000C\000o\000d\000e\000/\000C\000l\000a\000s\000s\000r\000o\000o\000m\000-\000I\000n\000q\000u\000i\000s\000i\000t\000i\000o\000n\000/\000S\000r\000P\000\137\000C\000l\000a\000s\000s\000r\000o\000o\000m\000I\000n\000q\000/\000A\000b\000o\000u\000t\000B\000o\000x\0001\000.\000c\000s\000\040\000F\000i\000l\000e\000\040\000R\000e\000f\000e\000r\000e\000n\000c\000e}{chapter.6}
\BOOKMARK [1][-]{section.6.2}{\376\377\000/\000h\000o\000m\000e\000/\000b\000o\000n\000d\000s\000l\000a\000v\000e\000o\000f\000J\000e\000s\000u\000s\000/\000D\000o\000c\000u\000m\000e\000n\000t\000s\000/\000S\000o\000u\000r\000c\000e\000C\000o\000d\000e\000/\000C\000l\000a\000s\000s\000r\000o\000o\000m\000-\000I\000n\000q\000u\000i\000s\000i\000t\000i\000o\000n\000/\000S\000r\000P\000\137\000C\000l\000a\000s\000s\000r\000o\000o\000m\000I\000n\000q\000/\000A\000b\000o\000u\000t\000B\000o\000x\0001\000.\000D\000e\000s\000i\000g\000n\000e\000r\000.\000c\000s\000\040\000F\000i\000l\000e\000\040\000R\000e\000f\000e\000r\000e\000n\000c\000e}{chapter.6}
\BOOKMARK [1][-]{section.6.3}{\376\377\000/\000h\000o\000m\000e\000/\000b\000o\000n\000d\000s\000l\000a\000v\000e\000o\000f\000J\000e\000s\000u\000s\000/\000D\000o\000c\000u\000m\000e\000n\000t\000s\000/\000S\000o\000u\000r\000c\000e\000C\000o\000d\000e\000/\000C\000l\000a\000s\000s\000r\000o\000o\000m\000-\000I\000n\000q\000u\000i\000s\000i\000t\000i\000o\000n\000/\000S\000r\000P\000\137\000C\000l\000a\000s\000s\000r\000o\000o\000m\000I\000n\000q\000/\000F\000o\000r\000m\0001\000-\000d\000y\000n\000-\000c\000t\000r\000l\000s\000.\000c\000s\000\040\000F\000i\000l\000e\000\040\000R\000e\000f\000e\000r\000e\000n\000c\000e}{chapter.6}
\BOOKMARK [1][-]{section.6.4}{\376\377\000/\000h\000o\000m\000e\000/\000b\000o\000n\000d\000s\000l\000a\000v\000e\000o\000f\000J\000e\000s\000u\000s\000/\000D\000o\000c\000u\000m\000e\000n\000t\000s\000/\000S\000o\000u\000r\000c\000e\000C\000o\000d\000e\000/\000C\000l\000a\000s\000s\000r\000o\000o\000m\000-\000I\000n\000q\000u\000i\000s\000i\000t\000i\000o\000n\000/\000S\000r\000P\000\137\000C\000l\000a\000s\000s\000r\000o\000o\000m\000I\000n\000q\000/\000F\000o\000r\000m\0001\000-\000d\000y\000n\000-\000c\000t\000r\000l\000s\000.\000D\000e\000s\000i\000g\000n\000e\000r\000.\000c\000s\000\040\000F\000i\000l\000e\000\040\000R\000e\000f\000e\000r\000e\000n\000c\000e}{chapter.6}
\BOOKMARK [1][-]{section.6.5}{\376\377\000/\000h\000o\000m\000e\000/\000b\000o\000n\000d\000s\000l\000a\000v\000e\000o\000f\000J\000e\000s\000u\000s\000/\000D\000o\000c\000u\000m\000e\000n\000t\000s\000/\000S\000o\000u\000r\000c\000e\000C\000o\000d\000e\000/\000C\000l\000a\000s\000s\000r\000o\000o\000m\000-\000I\000n\000q\000u\000i\000s\000i\000t\000i\000o\000n\000/\000S\000r\000P\000\137\000C\000l\000a\000s\000s\000r\000o\000o\000m\000I\000n\000q\000/\000F\000o\000r\000m\0001\000.\000c\000s\000\040\000F\000i\000l\000e\000\040\000R\000e\000f\000e\000r\000e\000n\000c\000e}{chapter.6}
\BOOKMARK [1][-]{section.6.6}{\376\377\000/\000h\000o\000m\000e\000/\000b\000o\000n\000d\000s\000l\000a\000v\000e\000o\000f\000J\000e\000s\000u\000s\000/\000D\000o\000c\000u\000m\000e\000n\000t\000s\000/\000S\000o\000u\000r\000c\000e\000C\000o\000d\000e\000/\000C\000l\000a\000s\000s\000r\000o\000o\000m\000-\000I\000n\000q\000u\000i\000s\000i\000t\000i\000o\000n\000/\000S\000r\000P\000\137\000C\000l\000a\000s\000s\000r\000o\000o\000m\000I\000n\000q\000/\000F\000o\000r\000m\0001\000.\000D\000e\000s\000i\000g\000n\000e\000r\000.\000c\000s\000\040\000F\000i\000l\000e\000\040\000R\000e\000f\000e\000r\000e\000n\000c\000e}{chapter.6}
\BOOKMARK [1][-]{section.6.7}{\376\377\000/\000h\000o\000m\000e\000/\000b\000o\000n\000d\000s\000l\000a\000v\000e\000o\000f\000J\000e\000s\000u\000s\000/\000D\000o\000c\000u\000m\000e\000n\000t\000s\000/\000S\000o\000u\000r\000c\000e\000C\000o\000d\000e\000/\000C\000l\000a\000s\000s\000r\000o\000o\000m\000-\000I\000n\000q\000u\000i\000s\000i\000t\000i\000o\000n\000/\000S\000r\000P\000\137\000C\000l\000a\000s\000s\000r\000o\000o\000m\000I\000n\000q\000/\000P\000r\000o\000g\000r\000a\000m\000.\000c\000s\000\040\000F\000i\000l\000e\000\040\000R\000e\000f\000e\000r\000e\000n\000c\000e}{chapter.6}
\BOOKMARK [1][-]{section.6.8}{\376\377\000/\000h\000o\000m\000e\000/\000b\000o\000n\000d\000s\000l\000a\000v\000e\000o\000f\000J\000e\000s\000u\000s\000/\000D\000o\000c\000u\000m\000e\000n\000t\000s\000/\000S\000o\000u\000r\000c\000e\000C\000o\000d\000e\000/\000C\000l\000a\000s\000s\000r\000o\000o\000m\000-\000I\000n\000q\000u\000i\000s\000i\000t\000i\000o\000n\000/\000S\000r\000P\000\137\000C\000l\000a\000s\000s\000r\000o\000o\000m\000I\000n\000q\000/\000P\000r\000o\000p\000e\000r\000t\000i\000e\000s\000/\000A\000s\000s\000e\000m\000b\000l\000y\000I\000n\000f\000o\000.\000c\000s\000\040\000F\000i\000l\000e\000\040\000R\000e\000f\000e\000r\000e\000n\000c\000e}{chapter.6}
\BOOKMARK [1][-]{section.6.9}{\376\377\000/\000h\000o\000m\000e\000/\000b\000o\000n\000d\000s\000l\000a\000v\000e\000o\000f\000J\000e\000s\000u\000s\000/\000D\000o\000c\000u\000m\000e\000n\000t\000s\000/\000S\000o\000u\000r\000c\000e\000C\000o\000d\000e\000/\000C\000l\000a\000s\000s\000r\000o\000o\000m\000-\000I\000n\000q\000u\000i\000s\000i\000t\000i\000o\000n\000/\000S\000r\000P\000\137\000C\000l\000a\000s\000s\000r\000o\000o\000m\000I\000n\000q\000/\000P\000r\000o\000p\000e\000r\000t\000i\000e\000s\000/\000R\000e\000s\000o\000u\000r\000c\000e\000s\000.\000D\000e\000s\000i\000g\000n\000e\000r\000.\000c\000s\000\040\000F\000i\000l\000e\000\040\000R\000e\000f\000e\000r\000e\000n\000c\000e}{chapter.6}
\BOOKMARK [1][-]{section.6.10}{\376\377\000/\000h\000o\000m\000e\000/\000b\000o\000n\000d\000s\000l\000a\000v\000e\000o\000f\000J\000e\000s\000u\000s\000/\000D\000o\000c\000u\000m\000e\000n\000t\000s\000/\000S\000o\000u\000r\000c\000e\000C\000o\000d\000e\000/\000C\000l\000a\000s\000s\000r\000o\000o\000m\000-\000I\000n\000q\000u\000i\000s\000i\000t\000i\000o\000n\000/\000S\000r\000P\000\137\000C\000l\000a\000s\000s\000r\000o\000o\000m\000I\000n\000q\000/\000P\000r\000o\000p\000e\000r\000t\000i\000e\000s\000/\000S\000e\000t\000t\000i\000n\000g\000s\000.\000D\000e\000s\000i\000g\000n\000e\000r\000.\000c\000s\000\040\000F\000i\000l\000e\000\040\000R\000e\000f\000e\000r\000e\000n\000c\000e}{chapter.6}
